0 info it worked if it ends with ok
1 verbose cli [ '/usr/bin/nodejs', '/usr/bin/npm', 'install', 'time' ]
2 info using npm@1.4.21
3 info using node@v0.10.29
4 warn package.json E_4_mongodb@0.0.0 No description
5 warn package.json E_4_mongodb@0.0.0 No repository field.
6 warn package.json E_4_mongodb@0.0.0 No README data
7 verbose readDependencies using package.json deps
8 verbose cache add [ 'time', null ]
9 verbose cache add name=undefined spec="time" args=["time",null]
10 verbose parsed url { protocol: null,
10 verbose parsed url   slashes: null,
10 verbose parsed url   auth: null,
10 verbose parsed url   host: null,
10 verbose parsed url   port: null,
10 verbose parsed url   hostname: null,
10 verbose parsed url   hash: null,
10 verbose parsed url   search: null,
10 verbose parsed url   query: null,
10 verbose parsed url   pathname: 'time',
10 verbose parsed url   path: 'time',
10 verbose parsed url   href: 'time' }
11 silly lockFile 714eea0f-time time
12 verbose lock time /home/sandra/.npm/714eea0f-time.lock
13 silly lockFile 714eea0f-time time
14 silly lockFile 714eea0f-time time
15 verbose addNamed [ 'time', '' ]
16 verbose addNamed [ null, '*' ]
17 silly lockFile 627c61e5-time time@
18 verbose lock time@ /home/sandra/.npm/627c61e5-time.lock
19 silly addNameRange { name: 'time', range: '*', hasData: false }
20 verbose request where is /time
21 verbose request registry https://registry.npmjs.org/
22 verbose request id a3056f624b43915d
23 verbose url raw /time
24 verbose url resolving [ 'https://registry.npmjs.org/', './time' ]
25 verbose url resolved https://registry.npmjs.org/time
26 verbose request where is https://registry.npmjs.org/time
27 info trying registry request attempt 1 at 16:26:24
28 http GET https://registry.npmjs.org/time
29 http 200 https://registry.npmjs.org/time
30 silly registry.get cb [ 200,
30 silly registry.get   { server: 'CouchDB/1.5.0 (Erlang OTP/R16B03)',
30 silly registry.get     etag: '"C5TNG1UX4BE1J1JK6T7RSEAAP"',
30 silly registry.get     'content-type': 'application/json',
30 silly registry.get     'content-encoding': 'gzip',
30 silly registry.get     'cache-control': 'max-age=300',
30 silly registry.get     'content-length': '7339',
30 silly registry.get     'accept-ranges': 'bytes',
30 silly registry.get     date: 'Tue, 24 May 2016 14:25:58 GMT',
30 silly registry.get     via: '1.1 varnish',
30 silly registry.get     age: '0',
30 silly registry.get     connection: 'keep-alive',
30 silly registry.get     'x-served-by': 'cache-ams4121-AMS',
30 silly registry.get     'x-cache': 'HIT',
30 silly registry.get     'x-cache-hits': '1',
30 silly registry.get     'x-timer': 'S1464099958.282981,VS0,VE381',
30 silly registry.get     vary: 'Accept-Encoding' } ]
31 silly addNameRange number 2 { name: 'time', range: '*', hasData: true }
32 silly addNameRange versions [ 'time',
32 silly addNameRange   [ '0.0.1',
32 silly addNameRange     '0.0.2',
32 silly addNameRange     '0.0.3',
32 silly addNameRange     '0.1.0',
32 silly addNameRange     '0.1.1',
32 silly addNameRange     '0.1.2',
32 silly addNameRange     '0.1.3',
32 silly addNameRange     '0.1.4',
32 silly addNameRange     '0.2.0',
32 silly addNameRange     '0.2.1',
32 silly addNameRange     '0.2.2',
32 silly addNameRange     '0.2.3',
32 silly addNameRange     '0.3.0',
32 silly addNameRange     '0.3.1',
32 silly addNameRange     '0.3.2',
32 silly addNameRange     '0.4.0',
32 silly addNameRange     '0.5.0',
32 silly addNameRange     '0.6.0',
32 silly addNameRange     '0.6.2',
32 silly addNameRange     '0.6.3',
32 silly addNameRange     '0.6.4',
32 silly addNameRange     '0.6.5',
32 silly addNameRange     '0.7.0',
32 silly addNameRange     '0.8.0',
32 silly addNameRange     '0.8.1',
32 silly addNameRange     '0.8.2',
32 silly addNameRange     '0.8.3',
32 silly addNameRange     '0.8.4',
32 silly addNameRange     '0.9.0',
32 silly addNameRange     '0.9.1',
32 silly addNameRange     '0.9.2',
32 silly addNameRange     '0.10.0',
32 silly addNameRange     '0.11.0',
32 silly addNameRange     '0.11.1',
32 silly addNameRange     '0.11.2',
32 silly addNameRange     '0.11.3',
32 silly addNameRange     '0.11.4' ] ]
33 verbose addNamed [ 'time', '0.11.4' ]
34 verbose addNamed [ '0.11.4', '0.11.4' ]
35 silly lockFile 72a150b1-time-0-11-4 time@0.11.4
36 verbose lock time@0.11.4 /home/sandra/.npm/72a150b1-time-0-11-4.lock
37 silly lockFile fc77bd70-y-npmjs-org-time-time-0-11-4-tgz https://registry.npmjs.org/time/-/time-0.11.4.tgz
38 verbose lock https://registry.npmjs.org/time/-/time-0.11.4.tgz /home/sandra/.npm/fc77bd70-y-npmjs-org-time-time-0-11-4-tgz.lock
39 verbose addRemoteTarball [ 'https://registry.npmjs.org/time/-/time-0.11.4.tgz',
39 verbose addRemoteTarball   'ec3c8947d7fa488f3b1978b8110a68186f5d340f' ]
40 info retry fetch attempt 1 at 16:26:25
41 verbose fetch to= /tmp/npm-6739-ArUgOvik/registry.npmjs.org/time/-/time-0.11.4.tgz
42 http GET https://registry.npmjs.org/time/-/time-0.11.4.tgz
43 http 200 https://registry.npmjs.org/time/-/time-0.11.4.tgz
44 silly lockFile fc77bd70-y-npmjs-org-time-time-0-11-4-tgz https://registry.npmjs.org/time/-/time-0.11.4.tgz
45 silly lockFile fc77bd70-y-npmjs-org-time-time-0-11-4-tgz https://registry.npmjs.org/time/-/time-0.11.4.tgz
46 silly lockFile 72a150b1-time-0-11-4 time@0.11.4
47 silly lockFile 72a150b1-time-0-11-4 time@0.11.4
48 silly lockFile 627c61e5-time time@
49 silly lockFile 627c61e5-time time@
50 silly resolved [ { name: 'time',
50 silly resolved     description: '"time.h" bindings for Node.js',
50 silly resolved     keywords:
50 silly resolved      [ 'date',
50 silly resolved        'time',
50 silly resolved        'time.h',
50 silly resolved        'timezone',
50 silly resolved        'setTimezone',
50 silly resolved        'getTimezone' ],
50 silly resolved     version: '0.11.4',
50 silly resolved     repository:
50 silly resolved      { type: 'git',
50 silly resolved        url: 'git://github.com/TooTallNate/node-time.git' },
50 silly resolved     author:
50 silly resolved      { name: 'Nathan Rajlich',
50 silly resolved        email: 'nathan@tootallnate.net',
50 silly resolved        url: 'http://tootallnate.net' },
50 silly resolved     license: 'MIT',
50 silly resolved     contributors: [ [Object] ],
50 silly resolved     main: './index.js',
50 silly resolved     scripts: { test: 'mocha --reporter spec', install: 'node-gyp rebuild' },
50 silly resolved     dependencies: { bindings: '~1.2.0', debug: '2', nan: '2' },
50 silly resolved     devDependencies: { mocha: '*' },
50 silly resolved     gypfile: true,
50 silly resolved     gitHead: '3faced83e4933ffa45f8aacb19bee74b1811022c',
50 silly resolved     bugs: { url: 'https://github.com/TooTallNate/node-time/issues' },
50 silly resolved     homepage: 'https://github.com/TooTallNate/node-time#readme',
50 silly resolved     _id: 'time@0.11.4',
50 silly resolved     _shasum: 'ec3c8947d7fa488f3b1978b8110a68186f5d340f',
50 silly resolved     _from: 'time@',
50 silly resolved     _npmVersion: '2.11.2',
50 silly resolved     _nodeVersion: '0.12.6',
50 silly resolved     _npmUser: { name: 'tootallnate', email: 'nathan@tootallnate.net' },
50 silly resolved     maintainers: [ [Object], [Object] ],
50 silly resolved     dist:
50 silly resolved      { shasum: 'ec3c8947d7fa488f3b1978b8110a68186f5d340f',
50 silly resolved        tarball: 'https://registry.npmjs.org/time/-/time-0.11.4.tgz' },
50 silly resolved     directories: {},
50 silly resolved     _resolved: 'https://registry.npmjs.org/time/-/time-0.11.4.tgz' } ]
51 info install time@0.11.4 into /home/sandra/Documents/code/nodejs-uppgifter/E_4_mongodb
52 info installOne time@0.11.4
53 verbose node_modules/time unbuild
54 verbose tar unpack /home/sandra/.npm/time/0.11.4/package.tgz
55 silly lockFile 9ef457cd-er-E-4-mongodb-node-modules-time tar:///home/sandra/Documents/code/nodejs-uppgifter/E_4_mongodb/node_modules/time
56 verbose lock tar:///home/sandra/Documents/code/nodejs-uppgifter/E_4_mongodb/node_modules/time /home/sandra/.npm/9ef457cd-er-E-4-mongodb-node-modules-time.lock
57 silly lockFile 20e93ab3-ndra-npm-time-0-11-4-package-tgz tar:///home/sandra/.npm/time/0.11.4/package.tgz
58 verbose lock tar:///home/sandra/.npm/time/0.11.4/package.tgz /home/sandra/.npm/20e93ab3-ndra-npm-time-0-11-4-package-tgz.lock
59 silly gunzTarPerm modes [ '755', '644' ]
60 silly gunzTarPerm extractEntry package.json
61 silly gunzTarPerm extractEntry .npmignore
62 silly gunzTarPerm extractEntry README.md
63 silly gunzTarPerm extractEntry LICENSE
64 silly gunzTarPerm extractEntry index.js
65 silly gunzTarPerm extractEntry binding.gyp
66 silly gunzTarPerm extractEntry .jshintrc
67 silly gunzTarPerm extractEntry .travis.yml
68 silly gunzTarPerm extractEntry History.md
69 silly gunzTarPerm extractEntry src/time.cc
70 silly gunzTarPerm extractEntry test/date.js
71 silly gunzTarPerm extractEntry test/exports.js
72 silly gunzTarPerm extractEntry test/tzset.js
73 silly lockFile 9ef457cd-er-E-4-mongodb-node-modules-time tar:///home/sandra/Documents/code/nodejs-uppgifter/E_4_mongodb/node_modules/time
74 silly lockFile 9ef457cd-er-E-4-mongodb-node-modules-time tar:///home/sandra/Documents/code/nodejs-uppgifter/E_4_mongodb/node_modules/time
75 silly lockFile 20e93ab3-ndra-npm-time-0-11-4-package-tgz tar:///home/sandra/.npm/time/0.11.4/package.tgz
76 silly lockFile 20e93ab3-ndra-npm-time-0-11-4-package-tgz tar:///home/sandra/.npm/time/0.11.4/package.tgz
77 info preinstall time@0.11.4
78 verbose readDependencies using package.json deps
79 verbose readDependencies using package.json deps
80 verbose cache add [ 'bindings@~1.2.0', null ]
81 verbose cache add name=undefined spec="bindings@~1.2.0" args=["bindings@~1.2.0",null]
82 verbose parsed url { protocol: null,
82 verbose parsed url   slashes: null,
82 verbose parsed url   auth: null,
82 verbose parsed url   host: null,
82 verbose parsed url   port: null,
82 verbose parsed url   hostname: null,
82 verbose parsed url   hash: null,
82 verbose parsed url   search: null,
82 verbose parsed url   query: null,
82 verbose parsed url   pathname: 'bindings@~1.2.0',
82 verbose parsed url   path: 'bindings@~1.2.0',
82 verbose parsed url   href: 'bindings@~1.2.0' }
83 verbose cache add [ 'debug@2', null ]
84 verbose cache add name=undefined spec="debug@2" args=["debug@2",null]
85 verbose parsed url { protocol: null,
85 verbose parsed url   slashes: null,
85 verbose parsed url   auth: null,
85 verbose parsed url   host: null,
85 verbose parsed url   port: null,
85 verbose parsed url   hostname: null,
85 verbose parsed url   hash: null,
85 verbose parsed url   search: null,
85 verbose parsed url   query: null,
85 verbose parsed url   pathname: 'debug@2',
85 verbose parsed url   path: 'debug@2',
85 verbose parsed url   href: 'debug@2' }
86 verbose cache add name="bindings" spec="~1.2.0" args=["bindings","~1.2.0"]
87 verbose parsed url { protocol: null,
87 verbose parsed url   slashes: null,
87 verbose parsed url   auth: null,
87 verbose parsed url   host: null,
87 verbose parsed url   port: null,
87 verbose parsed url   hostname: null,
87 verbose parsed url   hash: null,
87 verbose parsed url   search: null,
87 verbose parsed url   query: null,
87 verbose parsed url   pathname: '~1.2.0',
87 verbose parsed url   path: '~1.2.0',
87 verbose parsed url   href: '~1.2.0' }
88 verbose addNamed [ 'bindings', '~1.2.0' ]
89 verbose addNamed [ null, '>=1.2.0-0 <1.3.0-0' ]
90 silly lockFile b6dd1de3-bindings-1-2-0 bindings@~1.2.0
91 verbose lock bindings@~1.2.0 /home/sandra/.npm/b6dd1de3-bindings-1-2-0.lock
92 verbose cache add name="debug" spec="2" args=["debug","2"]
93 verbose parsed url { protocol: null,
93 verbose parsed url   slashes: null,
93 verbose parsed url   auth: null,
93 verbose parsed url   host: null,
93 verbose parsed url   port: null,
93 verbose parsed url   hostname: null,
93 verbose parsed url   hash: null,
93 verbose parsed url   search: null,
93 verbose parsed url   query: null,
93 verbose parsed url   pathname: '2',
93 verbose parsed url   path: '2',
93 verbose parsed url   href: '2' }
94 verbose addNamed [ 'debug', '2' ]
95 verbose addNamed [ null, '>=2.0.0-0 <3.0.0-0' ]
96 silly lockFile 3cb08fdf-debug-2 debug@2
97 verbose lock debug@2 /home/sandra/.npm/3cb08fdf-debug-2.lock
98 verbose cache add [ 'nan@2', null ]
99 verbose cache add name=undefined spec="nan@2" args=["nan@2",null]
100 verbose parsed url { protocol: null,
100 verbose parsed url   slashes: null,
100 verbose parsed url   auth: null,
100 verbose parsed url   host: null,
100 verbose parsed url   port: null,
100 verbose parsed url   hostname: null,
100 verbose parsed url   hash: null,
100 verbose parsed url   search: null,
100 verbose parsed url   query: null,
100 verbose parsed url   pathname: 'nan@2',
100 verbose parsed url   path: 'nan@2',
100 verbose parsed url   href: 'nan@2' }
101 verbose cache add name="nan" spec="2" args=["nan","2"]
102 verbose parsed url { protocol: null,
102 verbose parsed url   slashes: null,
102 verbose parsed url   auth: null,
102 verbose parsed url   host: null,
102 verbose parsed url   port: null,
102 verbose parsed url   hostname: null,
102 verbose parsed url   hash: null,
102 verbose parsed url   search: null,
102 verbose parsed url   query: null,
102 verbose parsed url   pathname: '2',
102 verbose parsed url   path: '2',
102 verbose parsed url   href: '2' }
103 verbose addNamed [ 'nan', '2' ]
104 verbose addNamed [ null, '>=2.0.0-0 <3.0.0-0' ]
105 silly lockFile b3b8f75c-nan-2 nan@2
106 verbose lock nan@2 /home/sandra/.npm/b3b8f75c-nan-2.lock
107 silly addNameRange { name: 'bindings', range: '>=1.2.0-0 <1.3.0-0', hasData: false }
108 silly addNameRange { name: 'debug', range: '>=2.0.0-0 <3.0.0-0', hasData: false }
109 verbose request where is /bindings
110 verbose request registry https://registry.npmjs.org/
111 verbose url raw /bindings
112 verbose url resolving [ 'https://registry.npmjs.org/', './bindings' ]
113 verbose url resolved https://registry.npmjs.org/bindings
114 verbose request where is https://registry.npmjs.org/bindings
115 info trying registry request attempt 1 at 16:26:25
116 http GET https://registry.npmjs.org/bindings
117 silly addNameRange { name: 'nan', range: '>=2.0.0-0 <3.0.0-0', hasData: false }
118 verbose request where is /nan
119 verbose request registry https://registry.npmjs.org/
120 verbose url raw /nan
121 verbose url resolving [ 'https://registry.npmjs.org/', './nan' ]
122 verbose url resolved https://registry.npmjs.org/nan
123 verbose request where is https://registry.npmjs.org/nan
124 info trying registry request attempt 1 at 16:26:25
125 http GET https://registry.npmjs.org/nan
126 verbose request where is /debug
127 verbose request registry https://registry.npmjs.org/
128 verbose url raw /debug
129 verbose url resolving [ 'https://registry.npmjs.org/', './debug' ]
130 verbose url resolved https://registry.npmjs.org/debug
131 verbose request where is https://registry.npmjs.org/debug
132 info trying registry request attempt 1 at 16:26:25
133 verbose etag "1AJAD9Y4CBU2JSIPJ80H7H7T"
134 http GET https://registry.npmjs.org/debug
135 http 200 https://registry.npmjs.org/bindings
136 silly registry.get cb [ 200,
136 silly registry.get   { server: 'CouchDB/1.5.0 (Erlang OTP/R16B03)',
136 silly registry.get     etag: '"5MNVCWCD1NYN71LZKTD8QDCME"',
136 silly registry.get     'content-type': 'application/json',
136 silly registry.get     'content-encoding': 'gzip',
136 silly registry.get     'cache-control': 'max-age=300',
136 silly registry.get     'content-length': '3778',
136 silly registry.get     'accept-ranges': 'bytes',
136 silly registry.get     date: 'Tue, 24 May 2016 14:25:59 GMT',
136 silly registry.get     via: '1.1 varnish',
136 silly registry.get     age: '40',
136 silly registry.get     connection: 'keep-alive',
136 silly registry.get     'x-served-by': 'cache-ams4131-AMS',
136 silly registry.get     'x-cache': 'HIT',
136 silly registry.get     'x-cache-hits': '1',
136 silly registry.get     'x-timer': 'S1464099959.127679,VS0,VE0',
136 silly registry.get     vary: 'Accept-Encoding' } ]
137 silly addNameRange number 2 { name: 'bindings', range: '>=1.2.0-0 <1.3.0-0', hasData: true }
138 silly addNameRange versions [ 'bindings',
138 silly addNameRange   [ '0.0.1',
138 silly addNameRange     '0.1.0',
138 silly addNameRange     '0.1.1',
138 silly addNameRange     '0.2.0',
138 silly addNameRange     '0.2.1',
138 silly addNameRange     '0.2.2',
138 silly addNameRange     '0.2.3',
138 silly addNameRange     '0.2.4',
138 silly addNameRange     '0.3.0',
138 silly addNameRange     '0.4.0',
138 silly addNameRange     '1.0.0',
138 silly addNameRange     '1.1.0',
138 silly addNameRange     '1.1.1',
138 silly addNameRange     '1.2.0',
138 silly addNameRange     '1.2.1' ] ]
139 verbose addNamed [ 'bindings', '1.2.1' ]
140 verbose addNamed [ '1.2.1', '1.2.1' ]
141 silly lockFile e9060511-bindings-1-2-1 bindings@1.2.1
142 verbose lock bindings@1.2.1 /home/sandra/.npm/e9060511-bindings-1-2-1.lock
143 silly lockFile 0932abb1--org-bindings-bindings-1-2-1-tgz https://registry.npmjs.org/bindings/-/bindings-1.2.1.tgz
144 verbose lock https://registry.npmjs.org/bindings/-/bindings-1.2.1.tgz /home/sandra/.npm/0932abb1--org-bindings-bindings-1-2-1-tgz.lock
145 verbose addRemoteTarball [ 'https://registry.npmjs.org/bindings/-/bindings-1.2.1.tgz',
145 verbose addRemoteTarball   '14ad6113812d2d37d72e67b4cacb4bb726505f11' ]
146 info retry fetch attempt 1 at 16:26:25
147 verbose fetch to= /tmp/npm-6739-ArUgOvik/registry.npmjs.org/bindings/-/bindings-1.2.1.tgz
148 http GET https://registry.npmjs.org/bindings/-/bindings-1.2.1.tgz
149 http 304 https://registry.npmjs.org/debug
150 silly registry.get cb [ 304,
150 silly registry.get   { date: 'Tue, 24 May 2016 14:25:59 GMT',
150 silly registry.get     via: '1.1 varnish',
150 silly registry.get     'cache-control': 'max-age=300',
150 silly registry.get     etag: '"1AJAD9Y4CBU2JSIPJ80H7H7T"',
150 silly registry.get     age: '258',
150 silly registry.get     connection: 'keep-alive',
150 silly registry.get     'x-served-by': 'cache-ams4139-AMS',
150 silly registry.get     'x-cache': 'HIT',
150 silly registry.get     'x-cache-hits': '30',
150 silly registry.get     'x-timer': 'S1464099959.136843,VS0,VE0',
150 silly registry.get     vary: 'Accept-Encoding' } ]
151 verbose etag https://registry.npmjs.org/debug from cache
152 silly addNameRange number 2 { name: 'debug', range: '>=2.0.0-0 <3.0.0-0', hasData: true }
153 silly addNameRange versions [ 'debug',
153 silly addNameRange   [ '0.0.1',
153 silly addNameRange     '0.1.0',
153 silly addNameRange     '0.2.0',
153 silly addNameRange     '0.3.0',
153 silly addNameRange     '0.4.0',
153 silly addNameRange     '0.4.1',
153 silly addNameRange     '0.5.0',
153 silly addNameRange     '0.6.0',
153 silly addNameRange     '0.7.0',
153 silly addNameRange     '0.7.1',
153 silly addNameRange     '0.7.2',
153 silly addNameRange     '0.7.3',
153 silly addNameRange     '0.7.4',
153 silly addNameRange     '0.8.0',
153 silly addNameRange     '0.8.1',
153 silly addNameRange     '1.0.0',
153 silly addNameRange     '1.0.1',
153 silly addNameRange     '1.0.2',
153 silly addNameRange     '1.0.3',
153 silly addNameRange     '1.0.4',
153 silly addNameRange     '2.0.0',
153 silly addNameRange     '2.1.0',
153 silly addNameRange     '2.1.1',
153 silly addNameRange     '2.1.2',
153 silly addNameRange     '2.1.3',
153 silly addNameRange     '2.2.0' ] ]
154 verbose addNamed [ 'debug', '2.2.0' ]
155 verbose addNamed [ '2.2.0', '2.2.0' ]
156 silly lockFile 82f99b48-debug-2-2-0 debug@2.2.0
157 verbose lock debug@2.2.0 /home/sandra/.npm/82f99b48-debug-2-2-0.lock
158 silly lockFile 82f99b48-debug-2-2-0 debug@2.2.0
159 silly lockFile 82f99b48-debug-2-2-0 debug@2.2.0
160 silly lockFile 3cb08fdf-debug-2 debug@2
161 silly lockFile 3cb08fdf-debug-2 debug@2
162 http 200 https://registry.npmjs.org/nan
163 silly registry.get cb [ 200,
163 silly registry.get   { server: 'CouchDB/1.5.0 (Erlang OTP/R16B03)',
163 silly registry.get     etag: '"24B26O57Z0ASCDVIYEYKA8KVW"',
163 silly registry.get     'content-type': 'application/json',
163 silly registry.get     'content-encoding': 'gzip',
163 silly registry.get     'cache-control': 'max-age=300',
163 silly registry.get     'content-length': '16617',
163 silly registry.get     'accept-ranges': 'bytes',
163 silly registry.get     date: 'Tue, 24 May 2016 14:25:59 GMT',
163 silly registry.get     via: '1.1 varnish',
163 silly registry.get     age: '177',
163 silly registry.get     connection: 'keep-alive',
163 silly registry.get     'x-served-by': 'cache-ams4136-AMS',
163 silly registry.get     'x-cache': 'HIT',
163 silly registry.get     'x-cache-hits': '10',
163 silly registry.get     'x-timer': 'S1464099959.136463,VS0,VE0',
163 silly registry.get     vary: 'Accept-Encoding' } ]
164 silly addNameRange number 2 { name: 'nan', range: '>=2.0.0-0 <3.0.0-0', hasData: true }
165 silly addNameRange versions [ 'nan',
165 silly addNameRange   [ '0.3.0-wip',
165 silly addNameRange     '0.3.0-wip2',
165 silly addNameRange     '0.3.0',
165 silly addNameRange     '0.3.1',
165 silly addNameRange     '0.3.2',
165 silly addNameRange     '0.4.0',
165 silly addNameRange     '0.4.1',
165 silly addNameRange     '0.4.2',
165 silly addNameRange     '0.4.3',
165 silly addNameRange     '0.4.4',
165 silly addNameRange     '0.5.0',
165 silly addNameRange     '0.5.1',
165 silly addNameRange     '0.5.2',
165 silly addNameRange     '0.6.0',
165 silly addNameRange     '0.7.0',
165 silly addNameRange     '0.7.1',
165 silly addNameRange     '0.8.0',
165 silly addNameRange     '1.0.0',
165 silly addNameRange     '1.1.0',
165 silly addNameRange     '1.1.1',
165 silly addNameRange     '1.1.2',
165 silly addNameRange     '1.2.0',
165 silly addNameRange     '1.3.0',
165 silly addNameRange     '1.4.0',
165 silly addNameRange     '1.4.1',
165 silly addNameRange     '1.5.0',
165 silly addNameRange     '1.4.2',
165 silly addNameRange     '1.4.3',
165 silly addNameRange     '1.5.1',
165 silly addNameRange     '1.5.2',
165 silly addNameRange     '1.6.0',
165 silly addNameRange     '1.5.3',
165 silly addNameRange     '1.6.1',
165 silly addNameRange     '1.6.2',
165 silly addNameRange     '1.7.0',
165 silly addNameRange     '1.8.0',
165 silly addNameRange     '1.8.1',
165 silly addNameRange     '1.8.2',
165 silly addNameRange     '1.8.3',
165 silly addNameRange     '1.8.4',
165 silly addNameRange     '1.9.0',
165 silly addNameRange     '2.0.0',
165 silly addNameRange     '2.0.1',
165 silly addNameRange     '2.0.2',
165 silly addNameRange     '2.0.3',
165 silly addNameRange     '2.0.4',
165 silly addNameRange     '2.0.5',
165 silly addNameRange     '2.0.6',
165 silly addNameRange     '2.0.7',
165 silly addNameRange     '2.0.8',
165 silly addNameRange     '2.0.9',
165 silly addNameRange     '2.1.0',
165 silly addNameRange     '2.2.0',
165 silly addNameRange     '2.2.1',
165 silly addNameRange     '2.3.0',
165 silly addNameRange     '2.3.1',
165 silly addNameRange     '2.3.2',
165 silly addNameRange     '2.3.3' ] ]
166 verbose addNamed [ 'nan', '2.3.3' ]
167 verbose addNamed [ '2.3.3', '2.3.3' ]
168 silly lockFile 9af36e34-nan-2-3-3 nan@2.3.3
169 verbose lock nan@2.3.3 /home/sandra/.npm/9af36e34-nan-2-3-3.lock
170 silly lockFile 7906e597-stry-npmjs-org-nan-nan-2-3-3-tgz https://registry.npmjs.org/nan/-/nan-2.3.3.tgz
171 verbose lock https://registry.npmjs.org/nan/-/nan-2.3.3.tgz /home/sandra/.npm/7906e597-stry-npmjs-org-nan-nan-2-3-3-tgz.lock
172 verbose addRemoteTarball [ 'https://registry.npmjs.org/nan/-/nan-2.3.3.tgz',
172 verbose addRemoteTarball   '64dd83c9704a83648b6c72b401f6384bd94ef16f' ]
173 info retry fetch attempt 1 at 16:26:25
174 verbose fetch to= /tmp/npm-6739-ArUgOvik/registry.npmjs.org/nan/-/nan-2.3.3.tgz
175 http GET https://registry.npmjs.org/nan/-/nan-2.3.3.tgz
176 http 200 https://registry.npmjs.org/bindings/-/bindings-1.2.1.tgz
177 silly lockFile 0932abb1--org-bindings-bindings-1-2-1-tgz https://registry.npmjs.org/bindings/-/bindings-1.2.1.tgz
178 silly lockFile 0932abb1--org-bindings-bindings-1-2-1-tgz https://registry.npmjs.org/bindings/-/bindings-1.2.1.tgz
179 silly lockFile e9060511-bindings-1-2-1 bindings@1.2.1
180 silly lockFile e9060511-bindings-1-2-1 bindings@1.2.1
181 silly lockFile b6dd1de3-bindings-1-2-0 bindings@~1.2.0
182 silly lockFile b6dd1de3-bindings-1-2-0 bindings@~1.2.0
183 http 200 https://registry.npmjs.org/nan/-/nan-2.3.3.tgz
184 silly lockFile 7906e597-stry-npmjs-org-nan-nan-2-3-3-tgz https://registry.npmjs.org/nan/-/nan-2.3.3.tgz
185 silly lockFile 7906e597-stry-npmjs-org-nan-nan-2-3-3-tgz https://registry.npmjs.org/nan/-/nan-2.3.3.tgz
186 silly lockFile 9af36e34-nan-2-3-3 nan@2.3.3
187 silly lockFile 9af36e34-nan-2-3-3 nan@2.3.3
188 silly lockFile b3b8f75c-nan-2 nan@2
189 silly lockFile b3b8f75c-nan-2 nan@2
190 silly resolved [ { name: 'debug',
190 silly resolved     version: '2.2.0',
190 silly resolved     repository: { type: 'git', url: 'git://github.com/visionmedia/debug.git' },
190 silly resolved     description: 'small debugging utility',
190 silly resolved     keywords: [ 'debug', 'log', 'debugger' ],
190 silly resolved     author: { name: 'TJ Holowaychuk', email: 'tj@vision-media.ca' },
190 silly resolved     contributors: [ [Object] ],
190 silly resolved     license: 'MIT',
190 silly resolved     dependencies: { ms: '0.7.1' },
190 silly resolved     devDependencies: { browserify: '9.0.3', mocha: '*' },
190 silly resolved     main: './node.js',
190 silly resolved     browser: './browser.js',
190 silly resolved     component: { scripts: [Object] },
190 silly resolved     gitHead: 'b38458422b5aa8aa6d286b10dfe427e8a67e2b35',
190 silly resolved     bugs: { url: 'https://github.com/visionmedia/debug/issues' },
190 silly resolved     homepage: 'https://github.com/visionmedia/debug',
190 silly resolved     _id: 'debug@2.2.0',
190 silly resolved     scripts: {},
190 silly resolved     _shasum: 'f87057e995b1a1f6ae6a4960664137bc56f039da',
190 silly resolved     _from: 'debug@2',
190 silly resolved     _npmVersion: '2.7.4',
190 silly resolved     _nodeVersion: '0.12.2',
190 silly resolved     _npmUser: { name: 'tootallnate', email: 'nathan@tootallnate.net' },
190 silly resolved     maintainers: [ [Object], [Object] ],
190 silly resolved     dist:
190 silly resolved      { shasum: 'f87057e995b1a1f6ae6a4960664137bc56f039da',
190 silly resolved        tarball: 'https://registry.npmjs.org/debug/-/debug-2.2.0.tgz' },
190 silly resolved     directories: {},
190 silly resolved     _resolved: 'https://registry.npmjs.org/debug/-/debug-2.2.0.tgz',
190 silly resolved     readme: 'ERROR: No README data found!' },
190 silly resolved   { name: 'bindings',
190 silly resolved     description: 'Helper module for loading your native module\'s .node file',
190 silly resolved     keywords: [ 'native', 'addon', 'bindings', 'gyp', 'waf', 'c', 'c++' ],
190 silly resolved     version: '1.2.1',
190 silly resolved     author:
190 silly resolved      { name: 'Nathan Rajlich',
190 silly resolved        email: 'nathan@tootallnate.net',
190 silly resolved        url: 'http://tootallnate.net' },
190 silly resolved     repository:
190 silly resolved      { type: 'git',
190 silly resolved        url: 'git://github.com/TooTallNate/node-bindings.git' },
190 silly resolved     main: './bindings.js',
190 silly resolved     bugs: { url: 'https://github.com/TooTallNate/node-bindings/issues' },
190 silly resolved     homepage: 'https://github.com/TooTallNate/node-bindings',
190 silly resolved     license: 'MIT',
190 silly resolved     gitHead: 'e404152ee27f8478ccbc7122ee051246e8e5ec02',
190 silly resolved     _id: 'bindings@1.2.1',
190 silly resolved     scripts: {},
190 silly resolved     _shasum: '14ad6113812d2d37d72e67b4cacb4bb726505f11',
190 silly resolved     _from: 'bindings@~1.2.0',
190 silly resolved     _npmVersion: '1.4.14',
190 silly resolved     _npmUser: { name: 'tootallnate', email: 'nathan@tootallnate.net' },
190 silly resolved     maintainers: [ [Object], [Object] ],
190 silly resolved     dist:
190 silly resolved      { shasum: '14ad6113812d2d37d72e67b4cacb4bb726505f11',
190 silly resolved        tarball: 'https://registry.npmjs.org/bindings/-/bindings-1.2.1.tgz' },
190 silly resolved     directories: {},
190 silly resolved     _resolved: 'https://registry.npmjs.org/bindings/-/bindings-1.2.1.tgz' },
190 silly resolved   { name: 'nan',
190 silly resolved     version: '2.3.3',
190 silly resolved     description: 'Native Abstractions for Node.js: C++ header for Node 0.8 -> 6 compatibility',
190 silly resolved     main: 'include_dirs.js',
190 silly resolved     repository: { type: 'git', url: 'git://github.com/nodejs/nan.git' },
190 silly resolved     scripts:
190 silly resolved      { test: 'tap --gc --stderr test/js/*-test.js',
190 silly resolved        'rebuild-tests': 'node-gyp rebuild --msvs_version=2013 --directory test',
190 silly resolved        docs: 'doc/.build.sh' },
190 silly resolved     contributors:
190 silly resolved      [ [Object],
190 silly resolved        [Object],
190 silly resolved        [Object],
190 silly resolved        [Object],
190 silly resolved        [Object],
190 silly resolved        [Object],
190 silly resolved        [Object] ],
190 silly resolved     devDependencies:
190 silly resolved      { bindings: '~1.2.1',
190 silly resolved        commander: '^2.8.1',
190 silly resolved        glob: '^5.0.14',
190 silly resolved        'node-gyp': '~3.0.1',
190 silly resolved        tap: '~0.7.1',
190 silly resolved        xtend: '~4.0.0' },
190 silly resolved     license: 'MIT',
190 silly resolved     bugs: { url: 'https://github.com/nodejs/nan/issues' },
190 silly resolved     homepage: 'https://github.com/nodejs/nan#readme',
190 silly resolved     _id: 'nan@2.3.3',
190 silly resolved     _shasum: '64dd83c9704a83648b6c72b401f6384bd94ef16f',
190 silly resolved     _resolved: 'https://registry.npmjs.org/nan/-/nan-2.3.3.tgz',
190 silly resolved     _from: 'nan@2',
190 silly resolved     _npmVersion: '3.3.6',
190 silly resolved     _nodeVersion: '5.0.0',
190 silly resolved     _npmUser: { name: 'kkoopa', email: 'bbyholm@abo.fi' },
190 silly resolved     dist:
190 silly resolved      { shasum: '64dd83c9704a83648b6c72b401f6384bd94ef16f',
190 silly resolved        tarball: 'https://registry.npmjs.org/nan/-/nan-2.3.3.tgz' },
190 silly resolved     maintainers: [ [Object], [Object] ],
190 silly resolved     _npmOperationalInternal:
190 silly resolved      { host: 'packages-16-east.internal.npmjs.com',
190 silly resolved        tmp: 'tmp/nan-2.3.3.tgz_1462313618725_0.044748055282980204' },
190 silly resolved     directories: {} } ]
191 info install debug@2.2.0 into /home/sandra/Documents/code/nodejs-uppgifter/E_4_mongodb/node_modules/time
192 info install bindings@1.2.1 into /home/sandra/Documents/code/nodejs-uppgifter/E_4_mongodb/node_modules/time
193 info install nan@2.3.3 into /home/sandra/Documents/code/nodejs-uppgifter/E_4_mongodb/node_modules/time
194 info installOne debug@2.2.0
195 info installOne bindings@1.2.1
196 info installOne nan@2.3.3
197 verbose node_modules/time/node_modules/debug unbuild
198 verbose tar unpack /home/sandra/.npm/debug/2.2.0/package.tgz
199 silly lockFile 24a1a24d--modules-time-node-modules-debug tar:///home/sandra/Documents/code/nodejs-uppgifter/E_4_mongodb/node_modules/time/node_modules/debug
200 verbose lock tar:///home/sandra/Documents/code/nodejs-uppgifter/E_4_mongodb/node_modules/time/node_modules/debug /home/sandra/.npm/24a1a24d--modules-time-node-modules-debug.lock
201 silly lockFile 8a16cca4-ndra-npm-debug-2-2-0-package-tgz tar:///home/sandra/.npm/debug/2.2.0/package.tgz
202 verbose lock tar:///home/sandra/.npm/debug/2.2.0/package.tgz /home/sandra/.npm/8a16cca4-ndra-npm-debug-2-2-0-package-tgz.lock
203 verbose node_modules/time/node_modules/bindings unbuild
204 verbose node_modules/time/node_modules/nan unbuild
205 silly gunzTarPerm modes [ '755', '644' ]
206 verbose tar unpack /home/sandra/.npm/bindings/1.2.1/package.tgz
207 silly lockFile 455d925a-dules-time-node-modules-bindings tar:///home/sandra/Documents/code/nodejs-uppgifter/E_4_mongodb/node_modules/time/node_modules/bindings
208 verbose lock tar:///home/sandra/Documents/code/nodejs-uppgifter/E_4_mongodb/node_modules/time/node_modules/bindings /home/sandra/.npm/455d925a-dules-time-node-modules-bindings.lock
209 silly lockFile 1a31a17a-a-npm-bindings-1-2-1-package-tgz tar:///home/sandra/.npm/bindings/1.2.1/package.tgz
210 verbose lock tar:///home/sandra/.npm/bindings/1.2.1/package.tgz /home/sandra/.npm/1a31a17a-a-npm-bindings-1-2-1-package-tgz.lock
211 verbose tar unpack /home/sandra/.npm/nan/2.3.3/package.tgz
212 silly lockFile 9631730c-de-modules-time-node-modules-nan tar:///home/sandra/Documents/code/nodejs-uppgifter/E_4_mongodb/node_modules/time/node_modules/nan
213 verbose lock tar:///home/sandra/Documents/code/nodejs-uppgifter/E_4_mongodb/node_modules/time/node_modules/nan /home/sandra/.npm/9631730c-de-modules-time-node-modules-nan.lock
214 silly lockFile 026b6f4a-sandra-npm-nan-2-3-3-package-tgz tar:///home/sandra/.npm/nan/2.3.3/package.tgz
215 verbose lock tar:///home/sandra/.npm/nan/2.3.3/package.tgz /home/sandra/.npm/026b6f4a-sandra-npm-nan-2-3-3-package-tgz.lock
216 silly gunzTarPerm modes [ '755', '644' ]
217 silly gunzTarPerm modes [ '755', '644' ]
218 silly gunzTarPerm extractEntry package.json
219 silly gunzTarPerm extractEntry .npmignore
220 silly gunzTarPerm extractEntry node.js
221 silly gunzTarPerm extractEntry package.json
222 silly gunzTarPerm extractEntry package.json
223 silly gunzTarPerm modified mode [ 'package.json', 436, 420 ]
224 silly gunzTarPerm extractEntry README.md
225 silly gunzTarPerm extractEntry bindings.js
226 silly gunzTarPerm extractEntry README.md
227 silly gunzTarPerm modified mode [ 'README.md', 436, 420 ]
228 silly gunzTarPerm extractEntry include_dirs.js
229 silly gunzTarPerm modified mode [ 'include_dirs.js', 436, 420 ]
230 silly gunzTarPerm extractEntry debug.js
231 silly gunzTarPerm extractEntry browser.js
232 silly gunzTarPerm extractEntry nan_converters.h
233 silly gunzTarPerm modified mode [ 'nan_converters.h', 436, 420 ]
234 silly gunzTarPerm extractEntry LICENSE.md
235 silly gunzTarPerm modified mode [ 'LICENSE.md', 436, 420 ]
236 silly gunzTarPerm extractEntry Readme.md
237 silly gunzTarPerm extractEntry bower.json
238 silly gunzTarPerm extractEntry .jshintrc
239 silly gunzTarPerm extractEntry component.json
240 silly gunzTarPerm extractEntry Makefile
241 silly lockFile 455d925a-dules-time-node-modules-bindings tar:///home/sandra/Documents/code/nodejs-uppgifter/E_4_mongodb/node_modules/time/node_modules/bindings
242 silly lockFile 455d925a-dules-time-node-modules-bindings tar:///home/sandra/Documents/code/nodejs-uppgifter/E_4_mongodb/node_modules/time/node_modules/bindings
243 silly lockFile 1a31a17a-a-npm-bindings-1-2-1-package-tgz tar:///home/sandra/.npm/bindings/1.2.1/package.tgz
244 silly lockFile 1a31a17a-a-npm-bindings-1-2-1-package-tgz tar:///home/sandra/.npm/bindings/1.2.1/package.tgz
245 info preinstall bindings@1.2.1
246 verbose readDependencies using package.json deps
247 verbose readDependencies using package.json deps
248 silly resolved []
249 verbose about to build /home/sandra/Documents/code/nodejs-uppgifter/E_4_mongodb/node_modules/time/node_modules/bindings
250 info build /home/sandra/Documents/code/nodejs-uppgifter/E_4_mongodb/node_modules/time/node_modules/bindings
251 verbose linkStuff [ false,
251 verbose linkStuff   false,
251 verbose linkStuff   false,
251 verbose linkStuff   '/home/sandra/Documents/code/nodejs-uppgifter/E_4_mongodb/node_modules/time/node_modules' ]
252 info linkStuff bindings@1.2.1
253 verbose linkBins bindings@1.2.1
254 verbose linkMans bindings@1.2.1
255 verbose rebuildBundles bindings@1.2.1
256 info install bindings@1.2.1
257 silly gunzTarPerm extractEntry History.md
258 info postinstall bindings@1.2.1
259 silly gunzTarPerm extractEntry doc/node_misc.md
260 silly gunzTarPerm modified mode [ 'doc/node_misc.md', 436, 420 ]
261 silly gunzTarPerm extractEntry doc/asyncworker.md
262 silly gunzTarPerm modified mode [ 'doc/asyncworker.md', 436, 420 ]
263 silly gunzTarPerm extractEntry doc/callback.md
264 silly gunzTarPerm modified mode [ 'doc/callback.md', 436, 420 ]
265 silly gunzTarPerm extractEntry doc/converters.md
266 silly gunzTarPerm modified mode [ 'doc/converters.md', 436, 420 ]
267 silly gunzTarPerm extractEntry doc/errors.md
268 silly gunzTarPerm modified mode [ 'doc/errors.md', 436, 420 ]
269 silly gunzTarPerm extractEntry doc/maybe_types.md
270 silly gunzTarPerm modified mode [ 'doc/maybe_types.md', 436, 420 ]
271 silly gunzTarPerm extractEntry doc/methods.md
272 silly gunzTarPerm modified mode [ 'doc/methods.md', 436, 420 ]
273 silly gunzTarPerm extractEntry doc/new.md
274 silly gunzTarPerm modified mode [ 'doc/new.md', 436, 420 ]
275 silly gunzTarPerm extractEntry doc/buffers.md
276 silly gunzTarPerm modified mode [ 'doc/buffers.md', 436, 420 ]
277 silly gunzTarPerm extractEntry doc/object_wrappers.md
278 silly gunzTarPerm modified mode [ 'doc/object_wrappers.md', 436, 420 ]
279 silly gunzTarPerm extractEntry doc/persistent.md
280 silly gunzTarPerm modified mode [ 'doc/persistent.md', 436, 420 ]
281 silly gunzTarPerm extractEntry doc/scopes.md
282 silly gunzTarPerm modified mode [ 'doc/scopes.md', 436, 420 ]
283 silly gunzTarPerm extractEntry doc/script.md
284 silly gunzTarPerm modified mode [ 'doc/script.md', 436, 420 ]
285 silly gunzTarPerm extractEntry doc/string_bytes.md
286 silly gunzTarPerm modified mode [ 'doc/string_bytes.md', 436, 420 ]
287 silly lockFile 24a1a24d--modules-time-node-modules-debug tar:///home/sandra/Documents/code/nodejs-uppgifter/E_4_mongodb/node_modules/time/node_modules/debug
288 silly lockFile 24a1a24d--modules-time-node-modules-debug tar:///home/sandra/Documents/code/nodejs-uppgifter/E_4_mongodb/node_modules/time/node_modules/debug
289 silly lockFile 8a16cca4-ndra-npm-debug-2-2-0-package-tgz tar:///home/sandra/.npm/debug/2.2.0/package.tgz
290 silly lockFile 8a16cca4-ndra-npm-debug-2-2-0-package-tgz tar:///home/sandra/.npm/debug/2.2.0/package.tgz
291 info preinstall debug@2.2.0
292 silly gunzTarPerm extractEntry doc/v8_internals.md
293 silly gunzTarPerm modified mode [ 'doc/v8_internals.md', 436, 420 ]
294 silly gunzTarPerm extractEntry doc/v8_misc.md
295 silly gunzTarPerm modified mode [ 'doc/v8_misc.md', 436, 420 ]
296 verbose readDependencies using package.json deps
297 verbose readDependencies using package.json deps
298 silly gunzTarPerm extractEntry nan.h
299 silly gunzTarPerm modified mode [ 'nan.h', 436, 420 ]
300 verbose cache add [ 'ms@0.7.1', null ]
301 verbose cache add name=undefined spec="ms@0.7.1" args=["ms@0.7.1",null]
302 verbose parsed url { protocol: null,
302 verbose parsed url   slashes: null,
302 verbose parsed url   auth: null,
302 verbose parsed url   host: null,
302 verbose parsed url   port: null,
302 verbose parsed url   hostname: null,
302 verbose parsed url   hash: null,
302 verbose parsed url   search: null,
302 verbose parsed url   query: null,
302 verbose parsed url   pathname: 'ms@0.7.1',
302 verbose parsed url   path: 'ms@0.7.1',
302 verbose parsed url   href: 'ms@0.7.1' }
303 verbose cache add name="ms" spec="0.7.1" args=["ms","0.7.1"]
304 verbose parsed url { protocol: null,
304 verbose parsed url   slashes: null,
304 verbose parsed url   auth: null,
304 verbose parsed url   host: null,
304 verbose parsed url   port: null,
304 verbose parsed url   hostname: null,
304 verbose parsed url   hash: null,
304 verbose parsed url   search: null,
304 verbose parsed url   query: null,
304 verbose parsed url   pathname: '0.7.1',
304 verbose parsed url   path: '0.7.1',
304 verbose parsed url   href: '0.7.1' }
305 verbose addNamed [ 'ms', '0.7.1' ]
306 verbose addNamed [ '0.7.1', '0.7.1' ]
307 silly lockFile 3dba240c-ms-0-7-1 ms@0.7.1
308 verbose lock ms@0.7.1 /home/sandra/.npm/3dba240c-ms-0-7-1.lock
309 silly gunzTarPerm extractEntry nan_callbacks.h
310 silly gunzTarPerm modified mode [ 'nan_callbacks.h', 436, 420 ]
311 silly gunzTarPerm extractEntry nan_callbacks_12_inl.h
312 silly gunzTarPerm modified mode [ 'nan_callbacks_12_inl.h', 436, 420 ]
313 silly gunzTarPerm extractEntry nan_callbacks_pre_12_inl.h
314 silly gunzTarPerm modified mode [ 'nan_callbacks_pre_12_inl.h', 436, 420 ]
315 silly gunzTarPerm extractEntry nan_converters_43_inl.h
316 silly gunzTarPerm modified mode [ 'nan_converters_43_inl.h', 436, 420 ]
317 silly gunzTarPerm extractEntry nan_converters_pre_43_inl.h
318 silly gunzTarPerm modified mode [ 'nan_converters_pre_43_inl.h', 436, 420 ]
319 silly gunzTarPerm extractEntry nan_implementation_12_inl.h
320 silly gunzTarPerm modified mode [ 'nan_implementation_12_inl.h', 436, 420 ]
321 silly gunzTarPerm extractEntry nan_implementation_pre_12_inl.h
322 silly gunzTarPerm modified mode [ 'nan_implementation_pre_12_inl.h', 436, 420 ]
323 silly gunzTarPerm extractEntry nan_maybe_43_inl.h
324 silly gunzTarPerm modified mode [ 'nan_maybe_43_inl.h', 436, 420 ]
325 verbose request where is /ms
326 verbose request registry https://registry.npmjs.org/
327 verbose url raw /ms
328 verbose url resolving [ 'https://registry.npmjs.org/', './ms' ]
329 verbose url resolved https://registry.npmjs.org/ms
330 verbose request where is https://registry.npmjs.org/ms
331 info trying registry request attempt 1 at 16:26:26
332 verbose etag "5143492BBX5I18XHV9RBWJ2GY"
333 http GET https://registry.npmjs.org/ms
334 silly gunzTarPerm extractEntry nan_maybe_pre_43_inl.h
335 silly gunzTarPerm modified mode [ 'nan_maybe_pre_43_inl.h', 436, 420 ]
336 silly gunzTarPerm extractEntry nan_new.h
337 silly gunzTarPerm modified mode [ 'nan_new.h', 436, 420 ]
338 silly gunzTarPerm extractEntry nan_object_wrap.h
339 silly gunzTarPerm modified mode [ 'nan_object_wrap.h', 436, 420 ]
340 silly gunzTarPerm extractEntry nan_persistent_12_inl.h
341 silly gunzTarPerm modified mode [ 'nan_persistent_12_inl.h', 436, 420 ]
342 silly gunzTarPerm extractEntry nan_persistent_pre_12_inl.h
343 silly gunzTarPerm modified mode [ 'nan_persistent_pre_12_inl.h', 436, 420 ]
344 silly gunzTarPerm extractEntry nan_string_bytes.h
345 silly gunzTarPerm modified mode [ 'nan_string_bytes.h', 436, 420 ]
346 silly gunzTarPerm extractEntry nan_typedarray_contents.h
347 silly gunzTarPerm modified mode [ 'nan_typedarray_contents.h', 436, 420 ]
348 silly gunzTarPerm extractEntry nan_weak.h
349 silly gunzTarPerm modified mode [ 'nan_weak.h', 436, 420 ]
350 silly gunzTarPerm extractEntry CHANGELOG.md
351 silly gunzTarPerm modified mode [ 'CHANGELOG.md', 436, 420 ]
352 silly gunzTarPerm extractEntry tools/package.json
353 silly gunzTarPerm modified mode [ 'tools/package.json', 436, 420 ]
354 silly gunzTarPerm extractEntry tools/README.md
355 silly gunzTarPerm modified mode [ 'tools/README.md', 436, 420 ]
356 silly gunzTarPerm extractEntry tools/1to2.js
357 silly gunzTarPerm modified mode [ 'tools/1to2.js', 509, 493 ]
358 silly lockFile 9631730c-de-modules-time-node-modules-nan tar:///home/sandra/Documents/code/nodejs-uppgifter/E_4_mongodb/node_modules/time/node_modules/nan
359 silly lockFile 9631730c-de-modules-time-node-modules-nan tar:///home/sandra/Documents/code/nodejs-uppgifter/E_4_mongodb/node_modules/time/node_modules/nan
360 silly lockFile 026b6f4a-sandra-npm-nan-2-3-3-package-tgz tar:///home/sandra/.npm/nan/2.3.3/package.tgz
361 silly lockFile 026b6f4a-sandra-npm-nan-2-3-3-package-tgz tar:///home/sandra/.npm/nan/2.3.3/package.tgz
362 info preinstall nan@2.3.3
363 verbose readDependencies using package.json deps
364 verbose readDependencies using package.json deps
365 silly resolved []
366 verbose about to build /home/sandra/Documents/code/nodejs-uppgifter/E_4_mongodb/node_modules/time/node_modules/nan
367 info build /home/sandra/Documents/code/nodejs-uppgifter/E_4_mongodb/node_modules/time/node_modules/nan
368 verbose linkStuff [ false,
368 verbose linkStuff   false,
368 verbose linkStuff   false,
368 verbose linkStuff   '/home/sandra/Documents/code/nodejs-uppgifter/E_4_mongodb/node_modules/time/node_modules' ]
369 info linkStuff nan@2.3.3
370 verbose linkBins nan@2.3.3
371 verbose linkMans nan@2.3.3
372 verbose rebuildBundles nan@2.3.3
373 info install nan@2.3.3
374 info postinstall nan@2.3.3
375 http 200 https://registry.npmjs.org/ms
376 silly registry.get cb [ 200,
376 silly registry.get   { server: 'CouchDB/1.5.0 (Erlang OTP/R16B03)',
376 silly registry.get     etag: '"2TWSUNCP3KYCZ9BE1YRGLQKCS"',
376 silly registry.get     'content-type': 'application/json',
376 silly registry.get     'content-encoding': 'gzip',
376 silly registry.get     'cache-control': 'max-age=300',
376 silly registry.get     'content-length': '2303',
376 silly registry.get     'accept-ranges': 'bytes',
376 silly registry.get     date: 'Tue, 24 May 2016 14:25:59 GMT',
376 silly registry.get     via: '1.1 varnish',
376 silly registry.get     age: '200',
376 silly registry.get     connection: 'keep-alive',
376 silly registry.get     'x-served-by': 'cache-ams4121-AMS',
376 silly registry.get     'x-cache': 'HIT',
376 silly registry.get     'x-cache-hits': '26',
376 silly registry.get     'x-timer': 'S1464099959.650394,VS0,VE0',
376 silly registry.get     vary: 'Accept-Encoding' } ]
377 silly lockFile a746a1f4-gistry-npmjs-org-ms-ms-0-7-1-tgz https://registry.npmjs.org/ms/-/ms-0.7.1.tgz
378 verbose lock https://registry.npmjs.org/ms/-/ms-0.7.1.tgz /home/sandra/.npm/a746a1f4-gistry-npmjs-org-ms-ms-0-7-1-tgz.lock
379 verbose addRemoteTarball [ 'https://registry.npmjs.org/ms/-/ms-0.7.1.tgz',
379 verbose addRemoteTarball   '9cd13c03adbff25b65effde7ce864ee952017098' ]
380 info retry fetch attempt 1 at 16:26:26
381 verbose fetch to= /tmp/npm-6739-ArUgOvik/registry.npmjs.org/ms/-/ms-0.7.1.tgz
382 http GET https://registry.npmjs.org/ms/-/ms-0.7.1.tgz
383 http 200 https://registry.npmjs.org/ms/-/ms-0.7.1.tgz
384 silly lockFile a746a1f4-gistry-npmjs-org-ms-ms-0-7-1-tgz https://registry.npmjs.org/ms/-/ms-0.7.1.tgz
385 silly lockFile a746a1f4-gistry-npmjs-org-ms-ms-0-7-1-tgz https://registry.npmjs.org/ms/-/ms-0.7.1.tgz
386 silly lockFile 3dba240c-ms-0-7-1 ms@0.7.1
387 silly lockFile 3dba240c-ms-0-7-1 ms@0.7.1
388 silly resolved [ { name: 'ms',
388 silly resolved     version: '0.7.1',
388 silly resolved     description: 'Tiny ms conversion utility',
388 silly resolved     repository: { type: 'git', url: 'git://github.com/guille/ms.js.git' },
388 silly resolved     main: './index',
388 silly resolved     devDependencies: { mocha: '*', 'expect.js': '*', serve: '*' },
388 silly resolved     component: { scripts: [Object] },
388 silly resolved     gitHead: '713dcf26d9e6fd9dbc95affe7eff9783b7f1b909',
388 silly resolved     bugs: { url: 'https://github.com/guille/ms.js/issues' },
388 silly resolved     homepage: 'https://github.com/guille/ms.js',
388 silly resolved     _id: 'ms@0.7.1',
388 silly resolved     scripts: {},
388 silly resolved     _shasum: '9cd13c03adbff25b65effde7ce864ee952017098',
388 silly resolved     _from: 'ms@0.7.1',
388 silly resolved     _npmVersion: '2.7.5',
388 silly resolved     _nodeVersion: '0.12.2',
388 silly resolved     _npmUser: { name: 'rauchg', email: 'rauchg@gmail.com' },
388 silly resolved     maintainers: [ [Object] ],
388 silly resolved     dist:
388 silly resolved      { shasum: '9cd13c03adbff25b65effde7ce864ee952017098',
388 silly resolved        tarball: 'https://registry.npmjs.org/ms/-/ms-0.7.1.tgz' },
388 silly resolved     directories: {},
388 silly resolved     _resolved: 'https://registry.npmjs.org/ms/-/ms-0.7.1.tgz' } ]
389 info install ms@0.7.1 into /home/sandra/Documents/code/nodejs-uppgifter/E_4_mongodb/node_modules/time/node_modules/debug
390 info installOne ms@0.7.1
391 verbose node_modules/time/node_modules/debug/node_modules/ms unbuild
392 verbose tar unpack /home/sandra/.npm/ms/0.7.1/package.tgz
393 silly lockFile 36a75356-de-modules-debug-node-modules-ms tar:///home/sandra/Documents/code/nodejs-uppgifter/E_4_mongodb/node_modules/time/node_modules/debug/node_modules/ms
394 verbose lock tar:///home/sandra/Documents/code/nodejs-uppgifter/E_4_mongodb/node_modules/time/node_modules/debug/node_modules/ms /home/sandra/.npm/36a75356-de-modules-debug-node-modules-ms.lock
395 silly lockFile ee261811--sandra-npm-ms-0-7-1-package-tgz tar:///home/sandra/.npm/ms/0.7.1/package.tgz
396 verbose lock tar:///home/sandra/.npm/ms/0.7.1/package.tgz /home/sandra/.npm/ee261811--sandra-npm-ms-0-7-1-package-tgz.lock
397 silly gunzTarPerm modes [ '755', '644' ]
398 silly gunzTarPerm extractEntry package.json
399 silly gunzTarPerm extractEntry .npmignore
400 silly gunzTarPerm extractEntry README.md
401 silly gunzTarPerm extractEntry LICENSE
402 silly gunzTarPerm extractEntry index.js
403 silly gunzTarPerm extractEntry History.md
404 silly lockFile 36a75356-de-modules-debug-node-modules-ms tar:///home/sandra/Documents/code/nodejs-uppgifter/E_4_mongodb/node_modules/time/node_modules/debug/node_modules/ms
405 silly lockFile 36a75356-de-modules-debug-node-modules-ms tar:///home/sandra/Documents/code/nodejs-uppgifter/E_4_mongodb/node_modules/time/node_modules/debug/node_modules/ms
406 silly lockFile ee261811--sandra-npm-ms-0-7-1-package-tgz tar:///home/sandra/.npm/ms/0.7.1/package.tgz
407 silly lockFile ee261811--sandra-npm-ms-0-7-1-package-tgz tar:///home/sandra/.npm/ms/0.7.1/package.tgz
408 info preinstall ms@0.7.1
409 verbose readDependencies using package.json deps
410 verbose readDependencies using package.json deps
411 silly resolved []
412 verbose about to build /home/sandra/Documents/code/nodejs-uppgifter/E_4_mongodb/node_modules/time/node_modules/debug/node_modules/ms
413 info build /home/sandra/Documents/code/nodejs-uppgifter/E_4_mongodb/node_modules/time/node_modules/debug/node_modules/ms
414 verbose linkStuff [ false,
414 verbose linkStuff   false,
414 verbose linkStuff   false,
414 verbose linkStuff   '/home/sandra/Documents/code/nodejs-uppgifter/E_4_mongodb/node_modules/time/node_modules/debug/node_modules' ]
415 info linkStuff ms@0.7.1
416 verbose linkBins ms@0.7.1
417 verbose linkMans ms@0.7.1
418 verbose rebuildBundles ms@0.7.1
419 info install ms@0.7.1
420 info postinstall ms@0.7.1
421 verbose about to build /home/sandra/Documents/code/nodejs-uppgifter/E_4_mongodb/node_modules/time/node_modules/debug
422 info build /home/sandra/Documents/code/nodejs-uppgifter/E_4_mongodb/node_modules/time/node_modules/debug
423 verbose linkStuff [ false,
423 verbose linkStuff   false,
423 verbose linkStuff   false,
423 verbose linkStuff   '/home/sandra/Documents/code/nodejs-uppgifter/E_4_mongodb/node_modules/time/node_modules' ]
424 info linkStuff debug@2.2.0
425 verbose linkBins debug@2.2.0
426 verbose linkMans debug@2.2.0
427 verbose rebuildBundles debug@2.2.0
428 verbose rebuildBundles [ 'ms' ]
429 info install debug@2.2.0
430 info postinstall debug@2.2.0
431 verbose about to build /home/sandra/Documents/code/nodejs-uppgifter/E_4_mongodb/node_modules/time
432 info build /home/sandra/Documents/code/nodejs-uppgifter/E_4_mongodb/node_modules/time
433 verbose linkStuff [ false,
433 verbose linkStuff   false,
433 verbose linkStuff   false,
433 verbose linkStuff   '/home/sandra/Documents/code/nodejs-uppgifter/E_4_mongodb/node_modules' ]
434 info linkStuff time@0.11.4
435 verbose linkBins time@0.11.4
436 verbose linkMans time@0.11.4
437 verbose rebuildBundles time@0.11.4
438 verbose rebuildBundles [ 'bindings', 'debug', 'nan' ]
439 info install time@0.11.4
440 verbose unsafe-perm in lifecycle true
441 info time@0.11.4 Failed to exec install script
442 verbose node_modules/time unbuild
443 warn This failure might be due to the use of legacy binary "node"
444 warn For further explanations, please read
/usr/share/doc/nodejs/README.Debian
445 info preuninstall time@0.11.4
446 info uninstall time@0.11.4
447 verbose true,/home/sandra/Documents/code/nodejs-uppgifter/E_4_mongodb/node_modules,/home/sandra/Documents/code/nodejs-uppgifter/E_4_mongodb/node_modules unbuild time@0.11.4
448 info postuninstall time@0.11.4
449 error time@0.11.4 install: `node-gyp rebuild`
449 error Exit status 1
450 error Failed at the time@0.11.4 install script.
450 error This is most likely a problem with the time package,
450 error not with npm itself.
450 error Tell the author that this fails on your system:
450 error     node-gyp rebuild
450 error You can get their info via:
450 error     npm owner ls time
450 error There is likely additional logging output above.
451 error System Linux 3.16.0-4-amd64
452 error command "/usr/bin/nodejs" "/usr/bin/npm" "install" "time"
453 error cwd /home/sandra/Documents/code/nodejs-uppgifter/E_4_mongodb
454 error node -v v0.10.29
455 error npm -v 1.4.21
456 error code ELIFECYCLE
457 verbose exit [ 1, true ]
